[debug] [2023-07-12T01:23:55.582Z] ----------------------------------------------------------------------
[debug] [2023-07-12T01:23:55.584Z] Command:       C:\Program Files\nodejs\node.exe C:\Users\Mjordan\AppData\Roaming\npm\node_modules\firebase-tools\lib\bin\firebase.js init
[debug] [2023-07-12T01:23:55.584Z] CLI Version:   12.4.3
[debug] [2023-07-12T01:23:55.585Z] Platform:      win32
[debug] [2023-07-12T01:23:55.585Z] Node Version:  v18.16.1
[debug] [2023-07-12T01:23:55.585Z] Time:          Wed Jul 12 2023 09:23:55 GMT+0800 (Singapore Standard Time)
[debug] [2023-07-12T01:23:55.586Z] ----------------------------------------------------------------------
[debug] 
[debug] [2023-07-12T01:23:55.594Z] > command requires scopes: ["email","openid","https://www.googleapis.com/auth/cloudplatformprojects.readonly","https://www.googleapis.com/auth/firebase","https://www.googleapis.com/auth/cloud-platform"]
[debug] [2023-07-12T01:23:55.595Z] > authorizing via signed-in user (pascual.mjordan@gmail.com)
[info] 
     ######## #### ########  ######## ########     ###     ######  ########
     ##        ##  ##     ## ##       ##     ##  ##   ##  ##       ##
     ######    ##  ########  ######   ########  #########  ######  ######
     ##        ##  ##    ##  ##       ##     ## ##     ##       ## ##
     ##       #### ##     ## ######## ########  ##     ##  ######  ########

You're about to initialize a Firebase project in this directory:

  C:\xampp\htdocs\quasar-project

Before we get started, keep in mind:

  * You are currently outside your home directory

